<?xml version="1.0" encoding="UTF-8"?>
<!-- Generated by org.testng.reporters.JUnitReportReporter -->
<testsuite hostname="ADMINRG-3RCF2G3" failures="0" tests="3" name="VctcChinchwad.MavenFeb2020.ParallelTesting" time="77.542" errors="0" timestamp="21 Oct 2020 11:36:51 GMT" skipped="0">
  <testcase classname="VctcChinchwad.MavenFeb2020.ParallelTesting" name="executeSessionTwo" time="24.698"/>
  <testcase classname="VctcChinchwad.MavenFeb2020.ParallelTesting" name="executSessionOne" time="24.770"/>
  <testcase classname="VctcChinchwad.MavenFeb2020.ParallelTesting" name="executSessionThree" time="28.074"/>
</testsuite> <!-- VctcChinchwad.MavenFeb2020.ParallelTesting -->
