<?xml version="1.0" encoding="UTF-8"?>
<!-- Generated by org.testng.reporters.JUnitReportReporter -->
<testsuite hostname="ADMINRG-3RCF2G3" failures="0" tests="1" name="VctcChinchwad.MavenFeb2020.NewTestNg" time="0.007" errors="0" timestamp="13 Oct 2020 11:37:08 GMT" skipped="0">
  <testcase classname="VctcChinchwad.MavenFeb2020.NewTestNg" name="f" time="0.007"/>
</testsuite> <!-- VctcChinchwad.MavenFeb2020.NewTestNg -->
