<?xml version="1.0" encoding="UTF-8"?>
<!-- Generated by org.testng.reporters.JUnitReportReporter -->
<testsuite hostname="ADMINRG-3RCF2G3" failures="0" tests="3" name="VctcChinchwad.MavenFeb2020.NewTest" time="2.059" errors="1" timestamp="09 Oct 2020 06:57:57 GMT" skipped="0">
  <testcase classname="VctcChinchwad.MavenFeb2020.NewTest" name="xyz" time="0.020"/>
  <testcase classname="VctcChinchwad.MavenFeb2020.NewTest" name="abc" time="0.022"/>
  <testcase classname="VctcChinchwad.MavenFeb2020.NewTest" name="gif" time="2.017">
    <error message="Method VctcChinchwad.MavenFeb2020.NewTest.gif() didn&#039;t finish within the time-out 2000" type="org.testng.internal.thread.ThreadTimeoutException">
      <![CDATA[org.testng.internal.thread.ThreadTimeoutException: Method VctcChinchwad.MavenFeb2020.NewTest.gif() didn't finish within the time-out 2000
at java.base@14.0.2/sun.nio.ch.Net.poll(Native Method)
at java.base@14.0.2/sun.nio.ch.NioSocketImpl.park(NioSocketImpl.java:181)
at java.base@14.0.2/sun.nio.ch.NioSocketImpl.timedRead(NioSocketImpl.java:285)
at java.base@14.0.2/sun.nio.ch.NioSocketImpl.implRead(NioSocketImpl.java:309)
at java.base@14.0.2/sun.nio.ch.NioSocketImpl.read(NioSocketImpl.java:350)
at java.base@14.0.2/sun.nio.ch.NioSocketImpl$1.read(NioSocketImpl.java:803)
at java.base@14.0.2/java.net.Socket$SocketInputStream.read(Socket.java:982)
at app//okio.Okio$2.read(Okio.java:140)
at app//okio.AsyncTimeout$2.read(AsyncTimeout.java:237)
at app//okio.RealBufferedSource.indexOf(RealBufferedSource.java:355)
at app//okio.RealBufferedSource.readUtf8LineStrict(RealBufferedSource.java:227)
at app//okhttp3.internal.http1.Http1Codec.readHeaderLine(Http1Codec.java:215)
at app//okhttp3.internal.http1.Http1Codec.readResponseHeaders(Http1Codec.java:189)
at app//okhttp3.internal.http.CallServerInterceptor.intercept(CallServerInterceptor.java:88)
at app//okhttp3.internal.http.RealInterceptorChain.proceed(RealInterceptorChain.java:147)
at app//okhttp3.internal.http.RealInterceptorChain.proceed(RealInterceptorChain.java:121)
at app//org.openqa.selenium.remote.internal.OkHttpClient$Factory$1.lambda$createClient$1(OkHttpClient.java:152)
at app//org.openqa.selenium.remote.internal.OkHttpClient$Factory$1$$Lambda$68/0x0000000800bf9440.intercept(Unknown Source)
at app//okhttp3.internal.http.RealInterceptorChain.proceed(RealInterceptorChain.java:147)
at app//okhttp3.internal.connection.ConnectInterceptor.intercept(ConnectInterceptor.java:45)
at app//okhttp3.internal.http.RealInterceptorChain.proceed(RealInterceptorChain.java:147)
at app//okhttp3.internal.http.RealInterceptorChain.proceed(RealInterceptorChain.java:121)
at app//okhttp3.internal.cache.CacheInterceptor.intercept(CacheInterceptor.java:93)
at app//okhttp3.internal.http.RealInterceptorChain.proceed(RealInterceptorChain.java:147)
at app//okhttp3.internal.http.RealInterceptorChain.proceed(RealInterceptorChain.java:121)
at app//okhttp3.internal.http.BridgeInterceptor.intercept(BridgeInterceptor.java:93)
at app//okhttp3.internal.http.RealInterceptorChain.proceed(RealInterceptorChain.java:147)
at app//okhttp3.internal.http.RetryAndFollowUpInterceptor.intercept(RetryAndFollowUpInterceptor.java:126)
at app//okhttp3.internal.http.RealInterceptorChain.proceed(RealInterceptorChain.java:147)
at app//okhttp3.internal.http.RealInterceptorChain.proceed(RealInterceptorChain.java:121)
at app//okhttp3.RealCall.getResponseWithInterceptorChain(RealCall.java:200)
at app//okhttp3.RealCall.execute(RealCall.java:77)
at app//org.openqa.selenium.remote.internal.OkHttpClient.execute(OkHttpClient.java:103)
at app//org.openqa.selenium.remote.ProtocolHandshake.createSession(ProtocolHandshake.java:105)
at app//org.openqa.selenium.remote.ProtocolHandshake.createSession(ProtocolHandshake.java:74)
at app//org.openqa.selenium.remote.HttpCommandExecutor.execute(HttpCommandExecutor.java:136)
at app//org.openqa.selenium.remote.service.DriverCommandExecutor.execute(DriverCommandExecutor.java:83)
at app//org.openqa.selenium.remote.RemoteWebDriver.execute(RemoteWebDriver.java:552)
at app//org.openqa.selenium.remote.RemoteWebDriver.startSession(RemoteWebDriver.java:213)
at app//org.openqa.selenium.remote.RemoteWebDriver.<init>(RemoteWebDriver.java:131)
at app//org.openqa.selenium.chrome.ChromeDriver.<init>(ChromeDriver.java:181)
at app//org.openqa.selenium.chrome.ChromeDriver.<init>(ChromeDriver.java:168)
at app//org.openqa.selenium.chrome.ChromeDriver.<init>(ChromeDriver.java:123)
at app//VctcChinchwad.MavenFeb2020.NewTest.gif(NewTest.java:28)
at java.base@14.0.2/jdk.internal.reflect.NativeMethodAccessorImpl.invoke0(Native Method)
at java.base@14.0.2/jdk.internal.reflect.NativeMethodAccessorImpl.invoke(NativeMethodAccessorImpl.java:62)
at java.base@14.0.2/jdk.internal.reflect.DelegatingMethodAccessorImpl.invoke(DelegatingMethodAccessorImpl.java:43)
at java.base@14.0.2/java.lang.reflect.Method.invoke(Method.java:564)
at app//org.testng.internal.MethodInvocationHelper.invokeMethod(MethodInvocationHelper.java:124)
at app//org.testng.internal.InvokeMethodRunnable.runOne(InvokeMethodRunnable.java:54)
at app//org.testng.internal.InvokeMethodRunnable.run(InvokeMethodRunnable.java:44)
at java.base@14.0.2/java.util.concurrent.Executors$RunnableAdapter.call(Executors.java:515)
at java.base@14.0.2/java.util.concurrent.FutureTask.run(FutureTask.java:264)
at java.base@14.0.2/java.util.concurrent.ThreadPoolExecutor.runWorker(ThreadPoolExecutor.java:1130)
at java.base@14.0.2/java.util.concurrent.ThreadPoolExecutor$Worker.run(ThreadPoolExecutor.java:630)
at java.base@14.0.2/java.lang.Thread.run(Thread.java:832)
]]>
    </error>
  </testcase> <!-- gif -->
</testsuite> <!-- VctcChinchwad.MavenFeb2020.NewTest -->
